AnFCodeTest/app/build/intermediates/manifest_merge_blame_file/debug/manifest-merger-blame-debug-report.txt
1<?xml version="1.0" encoding="utf-8"?>
2<manifest xmlns:android="http://schemas.android.com/apk/res/android"
3    package="com.example.anfcodetest"
4    android:versionCode="1"
5    android:versionName="1.0" >
6
7    <uses-sdk
8        android:minSdkVersion="19"
8-->src/main/AndroidManifest.xml
9        android:targetSdkVersion="30" />
9-->src/main/AndroidManifest.xml
10
11    <uses-permission android:name="android.permission.INTERNET" />
11-->src/main/AndroidManifest.xml:5:3-64
11-->src/main/AndroidManifest.xml:5:20-62
12    <uses-permission android:name="android.permission.ACCESS_NETWORK_STATE" />
12-->src/main/AndroidManifest.xml:6:3-76
12-->src/main/AndroidManifest.xml:6:20-74
13
14    <application
14-->src/main/AndroidManifest.xml:8:3-35:17
15        android:allowBackup="true"
15-->src/main/AndroidManifest.xml:9:7-33
16        android:appComponentFactory="androidx.core.app.CoreComponentFactory"
16-->[androidx.core:core:1.3.1] AndroidManifest.xml:24:18-86
17        android:debuggable="true"
18        android:icon="@mipmap/ic_launcher"
18-->src/main/AndroidManifest.xml:10:7-41
19        android:label="@string/app_name"
19-->src/main/AndroidManifest.xml:11:7-39
20        android:roundIcon="@mipmap/ic_launcher_round"
20-->src/main/AndroidManifest.xml:12:7-52
21        android:supportsRtl="true"
21-->src/main/AndroidManifest.xml:13:7-33
22        android:testOnly="true"
23        android:theme="@style/AppTheme"
23-->src/main/AndroidManifest.xml:15:7-38
24        android:usesCleartextTraffic="true" >
24-->src/main/AndroidManifest.xml:14:7-42
25        <activity
25-->src/main/AndroidManifest.xml:16:5-23:16
26            android:name="com.example.anfcodetest.MainActivity"
26-->src/main/AndroidManifest.xml:16:15-43
27            android:launchMode="singleTop" >
27-->src/main/AndroidManifest.xml:17:9-39
28            <intent-filter>
28-->src/main/AndroidManifest.xml:18:7-22:23
29                <action android:name="android.intent.action.MAIN" />
29-->src/main/AndroidManifest.xml:19:9-61
29-->src/main/AndroidManifest.xml:19:17-58
30
31                <category android:name="android.intent.category.LAUNCHER" />
31-->src/main/AndroidManifest.xml:21:9-69
31-->src/main/AndroidManifest.xml:21:19-66
32            </intent-filter>
33        </activity>
34        <activity
34-->src/main/AndroidManifest.xml:25:5-30:16
35            android:name="com.example.anfcodetest.ButtonTargetActivity"
35-->src/main/AndroidManifest.xml:25:15-51
36            android:label="SHOP"
36-->src/main/AndroidManifest.xml:26:9-29
37            android:launchMode="singleTop" >
37-->src/main/AndroidManifest.xml:27:9-39
38            <meta-data
38-->src/main/AndroidManifest.xml:28:7-29:40
39                android:name="android.support.PARENT_ACTIVITY"
39-->src/main/AndroidManifest.xml:28:18-64
40                android:value=".MainActivity" />
40-->src/main/AndroidManifest.xml:29:9-38
41        </activity>
42
43        <meta-data
43-->src/main/AndroidManifest.xml:32:5-34:53
44            android:name="preloaded_fonts"
44-->src/main/AndroidManifest.xml:33:9-39
45            android:resource="@array/preloaded_fonts" />
45-->src/main/AndroidManifest.xml:34:9-50
46
47        <provider
47-->[com.squareup.picasso:picasso:2.71828] AndroidManifest.xml:8:9-11:40
48            android:name="com.squareup.picasso.PicassoProvider"
48-->[com.squareup.picasso:picasso:2.71828] AndroidManifest.xml:9:13-64
49            android:authorities="com.example.anfcodetest.com.squareup.picasso"
49-->[com.squareup.picasso:picasso:2.71828] AndroidManifest.xml:10:13-72
50            android:exported="false" />
50-->[com.squareup.picasso:picasso:2.71828] AndroidManifest.xml:11:13-37
51    </application>
52
53</manifest>